This file contains any messages produced by compilers while
running configure, to aid debugging if configure makes a mistake.

It was created by libjpeg configure 9.3.0, which was
generated by GNU Autoconf 2.69.  Invocation command line was

  $ /home/cgouveia/jpeg-9c/configure --host armv7a-linux-androideabi --prefix /home/cgouveia/jpeg-9c/build/armeabi-v7a/install

## --------- ##
## Platform. ##
## --------- ##

hostname = ORS-PC002
uname -m = x86_64
uname -r = 4.4.0-17763-Microsoft
uname -s = Linux
uname -v = #379-Microsoft Wed Mar 06 19:16:00 PST 2019

/usr/bin/uname -p = unknown
/bin/uname -X     = unknown

/bin/arch              = unknown
/usr/bin/arch -k       = unknown
/usr/convex/getsysinfo = unknown
/usr/bin/hostinfo      = unknown
/bin/machine           = unknown
/usr/bin/oslevel       = unknown
/bin/universe          = unknown

PATH: /usr/local/sbin
PATH: /usr/local/bin
PATH: /usr/sbin
PATH: /usr/bin
PATH: /sbin
PATH: /bin
PATH: /usr/games
PATH: /usr/local/games
PATH: /mnt/c/Program Files (x86)/Common Files/Oracle/Java/javapath
PATH: /mnt/c/Windows/System32
PATH: /mnt/c/Windows
PATH: /mnt/c/Windows/System32/wbem
PATH: /mnt/c/Windows/System32/WindowsPowerShell/v1.0
PATH: /mnt/c/Windows/System32/OpenSSH
PATH: /mnt/c/Program Files/dotnet
PATH: /mnt/c/Program Files/Microsoft SQL Server/130/Tools/Binn
PATH: /mnt/c/Program Files (x86)/Microsoft SQL Server/Client SDK/ODBC/130/Tools/Binn
PATH: /mnt/c/Program Files (x86)/Microsoft SQL Server/140/Tools/Binn
PATH: /mnt/c/Program Files (x86)/Microsoft SQL Server/140/DTS/Binn
PATH: /mnt/c/Program Files (x86)/Microsoft SQL Server/140/Tools/Binn/ManagementStudio
PATH: /mnt/c/Program Files/Microsoft SQL Server/120/DTS/Binn
PATH: /mnt/c/Program Files/Microsoft SQL Server/Client SDK/ODBC/110/Tools/Binn
PATH: /mnt/c/Program Files (x86)/Microsoft SQL Server/120/Tools/Binn
PATH: /mnt/c/Program Files/Microsoft SQL Server/120/Tools/Binn
PATH: /mnt/c/Program Files (x86)/Microsoft SQL Server/120/Tools/Binn/ManagementStudio
PATH: /mnt/c/Program Files (x86)/Microsoft SQL Server/120/DTS/Binn
PATH: /mnt/c/Program Files/Git/cmd
PATH: /mnt/c/Program Files/CMake/bin
PATH: /mnt/c/Program Files/jom_1_1_3
PATH: /mnt/c/Strawberry/c/bin
PATH: /mnt/c/Strawberry/perl/site/bin
PATH: /mnt/c/Strawberry/perl/bin
PATH: /mnt/c/lib/opencv/dep/qt5/qtbase/bin
PATH: /mnt/c/lib/opencv/build/install/x86/vc15/bin
PATH: /mnt/c/Program Files (x86)/Python37-32
PATH: /mnt/c/Program Files (x86)/Python37-32/Scripts
PATH: /mnt/c/gstreamer/1.0/x86/bin
PATH: /mnt/c/lib/opencv/dep/tbb/build/windows_ia32_cl_vc14.1_debug
PATH: /mnt/c/Program Files (x86)/ZBar/bin
PATH: /mnt/c/lib/apache-ant-1.9.14/bin
PATH: /mnt/c/Users/cgouveia/AppData/Local/Android/Sdk/tools
PATH: /mnt/c/Users/cgouveia/AppData/Local/Android/Sdk/tools/bin
PATH: /mnt/c/Ruby25-x64/bin
PATH: /mnt/c/Users/cgouveia/AppData/Local/Microsoft/WindowsApps
PATH: /mnt/c/Program Files/Mercurial
PATH: /snap/bin


## ----------- ##
## Core tests. ##
## ----------- ##

configure:2272: checking build system type
configure:2286: result: x86_64-pc-linux-gnu
configure:2306: checking host system type
configure:2319: result: armv7a-unknown-linux-androideabi
configure:2339: checking target system type
configure:2352: result: armv7a-unknown-linux-androideabi
configure:2397: checking for a BSD-compatible install
configure:2465: result: /usr/bin/install -c
configure:2476: checking whether build environment is sane
configure:2531: result: yes
configure:2590: checking for armv7a-linux-androideabi-strip
configure:2617: result: /home/cgouveia/android-ndk-r20//toolchains/llvm/prebuilt/linux-x86_64/bin/arm-linux-androideabi-strip
configure:2682: checking for a thread-safe mkdir -p
configure:2721: result: /bin/mkdir -p
configure:2728: checking for gawk
configure:2744: found /usr/bin/gawk
configure:2755: result: gawk
configure:2766: checking whether make sets $(MAKE)
configure:2788: result: yes
configure:2817: checking whether make supports nested variables
configure:2834: result: yes
configure:2975: checking whether make supports nested variables
configure:2992: result: yes
configure:3008: checking whether to enable maintainer-specific portions of Makefiles
configure:3017: result: no
configure:3040: checking for armv7a-linux-androideabi-gcc
configure:3067: result: /home/cgouveia/android-ndk-r20//toolchains/llvm/prebuilt/linux-x86_64/bin/armv7a-linux-androideabi16-clang
configure:3336: checking for C compiler version
configure:3345: /home/cgouveia/android-ndk-r20//toolchains/llvm/prebuilt/linux-x86_64/bin/armv7a-linux-androideabi16-clang --version >&5
Android (5220042 based on r346389c) clang version 8.0.7 (https://android.googlesource.com/toolchain/clang b55f2d4ebfd35bf643d27dbca1bb228957008617) (https://android.googlesource.com/toolchain/llvm 3c393fe7a7e13b0fba4ac75a01aa683d7a5b11cd) (based on LLVM 8.0.7svn)
Target: armv7a-unknown-linux-android16
Thread model: posix
InstalledDir: /home/cgouveia/android-ndk-r20//toolchains/llvm/prebuilt/linux-x86_64/bin
configure:3356: $? = 0
configure:3345: /home/cgouveia/android-ndk-r20//toolchains/llvm/prebuilt/linux-x86_64/bin/armv7a-linux-androideabi16-clang -v >&5
Android (5220042 based on r346389c) clang version 8.0.7 (https://android.googlesource.com/toolchain/clang b55f2d4ebfd35bf643d27dbca1bb228957008617) (https://android.googlesource.com/toolchain/llvm 3c393fe7a7e13b0fba4ac75a01aa683d7a5b11cd) (based on LLVM 8.0.7svn)
Target: armv7a-unknown-linux-android16
Thread model: posix
InstalledDir: /home/cgouveia/android-ndk-r20//toolchains/llvm/prebuilt/linux-x86_64/bin
Found candidate GCC installation: /home/cgouveia/android-ndk-r20//toolchains/llvm/prebuilt/linux-x86_64/bin/../lib/gcc/arm-linux-androideabi/4.9.x
Selected GCC installation: /home/cgouveia/android-ndk-r20//toolchains/llvm/prebuilt/linux-x86_64/bin/../lib/gcc/arm-linux-androideabi/4.9.x
Candidate multilib: thumb;@mthumb
Candidate multilib: armv7-a;@march=armv7-a
Candidate multilib: armv7-a/thumb;@march=armv7-a@mthumb
Candidate multilib: .;
... rest of stderr output deleted ...
configure:3356: $? = 0
configure:3345: /home/cgouveia/android-ndk-r20//toolchains/llvm/prebuilt/linux-x86_64/bin/armv7a-linux-androideabi16-clang -V >&5
clang: error: argument to '-V' is missing (expected 1 value)
clang: error: no input files
configure:3356: $? = 1
configure:3345: /home/cgouveia/android-ndk-r20//toolchains/llvm/prebuilt/linux-x86_64/bin/armv7a-linux-androideabi16-clang -qversion >&5
clang: error: unknown argument '-qversion', did you mean '--version'?
clang: error: no input files
configure:3356: $? = 1
configure:3376: checking whether the C compiler works
configure:3398: /home/cgouveia/android-ndk-r20//toolchains/llvm/prebuilt/linux-x86_64/bin/armv7a-linux-androideabi16-clang    conftest.c  >&5
configure:3402: $? = 0
configure:3450: result: yes
configure:3453: checking for C compiler default output file name
configure:3455: result: a.out
configure:3461: checking for suffix of executables
configure:3468: /home/cgouveia/android-ndk-r20//toolchains/llvm/prebuilt/linux-x86_64/bin/armv7a-linux-androideabi16-clang -o conftest    conftest.c  >&5
configure:3472: $? = 0
configure:3494: result: 
configure:3516: checking whether we are cross compiling
configure:3524: /home/cgouveia/android-ndk-r20//toolchains/llvm/prebuilt/linux-x86_64/bin/armv7a-linux-androideabi16-clang -o conftest    conftest.c  >&5
configure:3528: $? = 0
configure:3535: ./conftest
/home/cgouveia/jpeg-9c/configure: line 3537: ./conftest: cannot execute binary file: Exec format error
configure:3539: $? = 126
configure:3554: result: yes
configure:3559: checking for suffix of object files
configure:3581: /home/cgouveia/android-ndk-r20//toolchains/llvm/prebuilt/linux-x86_64/bin/armv7a-linux-androideabi16-clang -c   conftest.c >&5
configure:3585: $? = 0
configure:3606: result: o
configure:3610: checking whether we are using the GNU C compiler
configure:3629: /home/cgouveia/android-ndk-r20//toolchains/llvm/prebuilt/linux-x86_64/bin/armv7a-linux-androideabi16-clang -c   conftest.c >&5
configure:3629: $? = 0
configure:3638: result: yes
configure:3647: checking whether /home/cgouveia/android-ndk-r20//toolchains/llvm/prebuilt/linux-x86_64/bin/armv7a-linux-androideabi16-clang accepts -g
configure:3667: /home/cgouveia/android-ndk-r20//toolchains/llvm/prebuilt/linux-x86_64/bin/armv7a-linux-androideabi16-clang -c -g  conftest.c >&5
configure:3667: $? = 0
configure:3708: result: yes
configure:3725: checking for /home/cgouveia/android-ndk-r20//toolchains/llvm/prebuilt/linux-x86_64/bin/armv7a-linux-androideabi16-clang option to accept ISO C89
configure:3788: /home/cgouveia/android-ndk-r20//toolchains/llvm/prebuilt/linux-x86_64/bin/armv7a-linux-androideabi16-clang  -c -g -O2  conftest.c >&5
configure:3788: $? = 0
configure:3801: result: none needed
configure:3826: checking whether /home/cgouveia/android-ndk-r20//toolchains/llvm/prebuilt/linux-x86_64/bin/armv7a-linux-androideabi16-clang understands -c and -o together
configure:3848: /home/cgouveia/android-ndk-r20//toolchains/llvm/prebuilt/linux-x86_64/bin/armv7a-linux-androideabi16-clang -c conftest.c -o conftest2.o
configure:3851: $? = 0
configure:3848: /home/cgouveia/android-ndk-r20//toolchains/llvm/prebuilt/linux-x86_64/bin/armv7a-linux-androideabi16-clang -c conftest.c -o conftest2.o
configure:3851: $? = 0
configure:3863: result: yes
configure:3891: checking for style of include used by make
configure:3919: result: GNU
configure:3945: checking dependency style of /home/cgouveia/android-ndk-r20//toolchains/llvm/prebuilt/linux-x86_64/bin/armv7a-linux-androideabi16-clang
configure:4056: result: gcc3
configure:4075: checking for /home/cgouveia/android-ndk-r20//toolchains/llvm/prebuilt/linux-x86_64/bin/armv7a-linux-androideabi16-clang option to accept ISO C99
configure:4224: /home/cgouveia/android-ndk-r20//toolchains/llvm/prebuilt/linux-x86_64/bin/armv7a-linux-androideabi16-clang  -c -g -O2  conftest.c >&5
configure:4224: $? = 0
configure:4237: result: none needed
configure:4345: checking for /home/cgouveia/android-ndk-r20//toolchains/llvm/prebuilt/linux-x86_64/bin/armv7a-linux-androideabi16-clang option to accept ISO Standard C
configure:4356: result: none needed
configure:4368: checking how to run the C preprocessor
configure:4399: /home/cgouveia/android-ndk-r20//toolchains/llvm/prebuilt/linux-x86_64/bin/armv7a-linux-androideabi16-clang -E  conftest.c
configure:4399: $? = 0
configure:4413: /home/cgouveia/android-ndk-r20//toolchains/llvm/prebuilt/linux-x86_64/bin/armv7a-linux-androideabi16-clang -E  conftest.c
conftest.c:11:10: fatal error: 'ac_nonexistent.h' file not found
#include <ac_nonexistent.h>
         ^~~~~~~~~~~~~~~~~~
1 error generated.
configure:4413: $? = 1
configure: failed program was:
| /* confdefs.h */
| #define PACKAGE_NAME "libjpeg"
| #define PACKAGE_TARNAME "libjpeg"
| #define PACKAGE_VERSION "9.3.0"
| #define PACKAGE_STRING "libjpeg 9.3.0"
| #define PACKAGE_BUGREPORT ""
| #define PACKAGE_URL ""
| #define PACKAGE "libjpeg"
| #define VERSION "9.3.0"
| /* end confdefs.h.  */
| #include <ac_nonexistent.h>
configure:4438: result: /home/cgouveia/android-ndk-r20//toolchains/llvm/prebuilt/linux-x86_64/bin/armv7a-linux-androideabi16-clang -E
configure:4458: /home/cgouveia/android-ndk-r20//toolchains/llvm/prebuilt/linux-x86_64/bin/armv7a-linux-androideabi16-clang -E  conftest.c
configure:4458: $? = 0
configure:4472: /home/cgouveia/android-ndk-r20//toolchains/llvm/prebuilt/linux-x86_64/bin/armv7a-linux-androideabi16-clang -E  conftest.c
conftest.c:11:10: fatal error: 'ac_nonexistent.h' file not found
#include <ac_nonexistent.h>
         ^~~~~~~~~~~~~~~~~~
1 error generated.
configure:4472: $? = 1
configure: failed program was:
| /* confdefs.h */
| #define PACKAGE_NAME "libjpeg"
| #define PACKAGE_TARNAME "libjpeg"
| #define PACKAGE_VERSION "9.3.0"
| #define PACKAGE_STRING "libjpeg 9.3.0"
| #define PACKAGE_BUGREPORT ""
| #define PACKAGE_URL ""
| #define PACKAGE "libjpeg"
| #define VERSION "9.3.0"
| /* end confdefs.h.  */
| #include <ac_nonexistent.h>
configure:4501: checking whether make sets $(MAKE)
configure:4523: result: yes
configure:4532: checking whether ln -s works
configure:4536: result: yes
configure:4549: checking for armv7a-linux-androideabi-ar
configure:4576: result: /home/cgouveia/android-ndk-r20//toolchains/llvm/prebuilt/linux-x86_64/bin/arm-linux-androideabi-ar
configure:4646: checking the archiver (/home/cgouveia/android-ndk-r20//toolchains/llvm/prebuilt/linux-x86_64/bin/arm-linux-androideabi-ar) interface
configure:4662: /home/cgouveia/android-ndk-r20//toolchains/llvm/prebuilt/linux-x86_64/bin/armv7a-linux-androideabi16-clang -c -g -O2  conftest.c >&5
configure:4662: $? = 0
configure:4664: /home/cgouveia/android-ndk-r20//toolchains/llvm/prebuilt/linux-x86_64/bin/arm-linux-androideabi-ar cru libconftest.a conftest.o >&5
configure:4667: $? = 0
configure:4695: result: ar
configure:4724: checking if LD -Wl,--version-script works
configure:4748: /home/cgouveia/android-ndk-r20//toolchains/llvm/prebuilt/linux-x86_64/bin/armv7a-linux-androideabi16-clang -o conftest -g -O2   -Wl,--version-script=conftest.map conftest.c  >&5
configure:4748: $? = 0
configure:4757: result: yes
configure:4770: checking for function prototypes
configure:4790: /home/cgouveia/android-ndk-r20//toolchains/llvm/prebuilt/linux-x86_64/bin/armv7a-linux-androideabi16-clang -c -g -O2  conftest.c >&5
configure:4790: $? = 0
configure:4798: result: yes
configure:4819: checking for grep that handles long lines and -e
configure:4877: result: /bin/grep
configure:4882: checking for egrep
configure:4944: result: /bin/grep -E
configure:4949: checking for ANSI C header files
configure:4969: /home/cgouveia/android-ndk-r20//toolchains/llvm/prebuilt/linux-x86_64/bin/armv7a-linux-androideabi16-clang -c -g -O2  conftest.c >&5
configure:4969: $? = 0
configure:5053: result: yes
configure:5066: checking for sys/types.h
configure:5066: /home/cgouveia/android-ndk-r20//toolchains/llvm/prebuilt/linux-x86_64/bin/armv7a-linux-androideabi16-clang -c -g -O2  conftest.c >&5
configure:5066: $? = 0
configure:5066: result: yes
configure:5066: checking for sys/stat.h
configure:5066: /home/cgouveia/android-ndk-r20//toolchains/llvm/prebuilt/linux-x86_64/bin/armv7a-linux-androideabi16-clang -c -g -O2  conftest.c >&5
configure:5066: $? = 0
configure:5066: result: yes
configure:5066: checking for stdlib.h
configure:5066: /home/cgouveia/android-ndk-r20//toolchains/llvm/prebuilt/linux-x86_64/bin/armv7a-linux-androideabi16-clang -c -g -O2  conftest.c >&5
configure:5066: $? = 0
configure:5066: result: yes
configure:5066: checking for string.h
configure:5066: /home/cgouveia/android-ndk-r20//toolchains/llvm/prebuilt/linux-x86_64/bin/armv7a-linux-androideabi16-clang -c -g -O2  conftest.c >&5
configure:5066: $? = 0
configure:5066: result: yes
configure:5066: checking for memory.h
configure:5066: /home/cgouveia/android-ndk-r20//toolchains/llvm/prebuilt/linux-x86_64/bin/armv7a-linux-androideabi16-clang -c -g -O2  conftest.c >&5
configure:5066: $? = 0
configure:5066: result: yes
configure:5066: checking for strings.h
configure:5066: /home/cgouveia/android-ndk-r20//toolchains/llvm/prebuilt/linux-x86_64/bin/armv7a-linux-androideabi16-clang -c -g -O2  conftest.c >&5
configure:5066: $? = 0
configure:5066: result: yes
configure:5066: checking for inttypes.h
configure:5066: /home/cgouveia/android-ndk-r20//toolchains/llvm/prebuilt/linux-x86_64/bin/armv7a-linux-androideabi16-clang -c -g -O2  conftest.c >&5
configure:5066: $? = 0
configure:5066: result: yes
configure:5066: checking for stdint.h
configure:5066: /home/cgouveia/android-ndk-r20//toolchains/llvm/prebuilt/linux-x86_64/bin/armv7a-linux-androideabi16-clang -c -g -O2  conftest.c >&5
configure:5066: $? = 0
configure:5066: result: yes
configure:5066: checking for unistd.h
configure:5066: /home/cgouveia/android-ndk-r20//toolchains/llvm/prebuilt/linux-x86_64/bin/armv7a-linux-androideabi16-clang -c -g -O2  conftest.c >&5
configure:5066: $? = 0
configure:5066: result: yes
configure:5081: checking stddef.h usability
configure:5081: /home/cgouveia/android-ndk-r20//toolchains/llvm/prebuilt/linux-x86_64/bin/armv7a-linux-androideabi16-clang -c -g -O2  conftest.c >&5
configure:5081: $? = 0
configure:5081: result: yes
configure:5081: checking stddef.h presence
configure:5081: /home/cgouveia/android-ndk-r20//toolchains/llvm/prebuilt/linux-x86_64/bin/armv7a-linux-androideabi16-clang -E  conftest.c
configure:5081: $? = 0
configure:5081: result: yes
configure:5081: checking for stddef.h
configure:5081: result: yes
configure:5081: checking for stdlib.h
configure:5081: result: yes
configure:5081: checking locale.h usability
configure:5081: /home/cgouveia/android-ndk-r20//toolchains/llvm/prebuilt/linux-x86_64/bin/armv7a-linux-androideabi16-clang -c -g -O2  conftest.c >&5
configure:5081: $? = 0
configure:5081: result: yes
configure:5081: checking locale.h presence
configure:5081: /home/cgouveia/android-ndk-r20//toolchains/llvm/prebuilt/linux-x86_64/bin/armv7a-linux-androideabi16-clang -E  conftest.c
configure:5081: $? = 0
configure:5081: result: yes
configure:5081: checking for locale.h
configure:5081: result: yes
configure:5091: checking for string.h
configure:5091: result: yes
configure:5104: checking for size_t
configure:5131: /home/cgouveia/android-ndk-r20//toolchains/llvm/prebuilt/linux-x86_64/bin/armv7a-linux-androideabi16-clang -c -g -O2  conftest.c >&5
configure:5131: $? = 0
configure:5137: result: yes
configure:5173: checking for type unsigned char
configure:5186: /home/cgouveia/android-ndk-r20//toolchains/llvm/prebuilt/linux-x86_64/bin/armv7a-linux-androideabi16-clang -c -g -O2  conftest.c >&5
configure:5186: $? = 0
configure:5187: result: yes
configure:5198: checking for type unsigned short
configure:5211: /home/cgouveia/android-ndk-r20//toolchains/llvm/prebuilt/linux-x86_64/bin/armv7a-linux-androideabi16-clang -c -g -O2  conftest.c >&5
configure:5211: $? = 0
configure:5212: result: yes
configure:5223: checking for type void
configure:5257: /home/cgouveia/android-ndk-r20//toolchains/llvm/prebuilt/linux-x86_64/bin/armv7a-linux-androideabi16-clang -c -g -O2  conftest.c >&5
configure:5257: $? = 0
configure:5258: result: yes
configure:5268: checking for an ANSI C-conforming const
configure:5334: /home/cgouveia/android-ndk-r20//toolchains/llvm/prebuilt/linux-x86_64/bin/armv7a-linux-androideabi16-clang -c -g -O2  conftest.c >&5
configure:5334: $? = 0
configure:5341: result: yes
configure:5351: checking for inline
configure:5366: /home/cgouveia/android-ndk-r20//toolchains/llvm/prebuilt/linux-x86_64/bin/armv7a-linux-androideabi16-clang -c -g -O2  conftest.c >&5
configure:5366: $? = 0
configure:5404: result: __inline__
configure:5413: checking for broken incomplete types
configure:5426: /home/cgouveia/android-ndk-r20//toolchains/llvm/prebuilt/linux-x86_64/bin/armv7a-linux-androideabi16-clang -c -g -O2  conftest.c >&5
configure:5426: $? = 0
configure:5427: result: ok
configure:5439: checking for short external names
configure:5455: /home/cgouveia/android-ndk-r20//toolchains/llvm/prebuilt/linux-x86_64/bin/armv7a-linux-androideabi16-clang -o conftest -g -O2   conftest.c  >&5
configure:5455: $? = 0
configure:5456: result: ok
configure:5469: checking to see if char is signed
configure:5473: WARNING: Assuming that char is signed on target machine.
    If it is unsigned, this will be a little bit inefficient.
configure:5521: checking to see if right shift is signed
configure:5524: result: Assuming that right shift is signed on target machine.
configure:5576: checking to see if fopen accepts b spec
configure:5579: result: Assuming that it does.
configure:5960: checking how to print strings
configure:5987: result: printf
configure:6008: checking for a sed that does not truncate output
configure:6072: result: /bin/sed
configure:6090: checking for fgrep
configure:6152: result: /bin/grep -F
configure:6187: checking for ld used by /home/cgouveia/android-ndk-r20//toolchains/llvm/prebuilt/linux-x86_64/bin/armv7a-linux-androideabi16-clang
configure:6254: result: /home/cgouveia/android-ndk-r20//toolchains/llvm/prebuilt/linux-x86_64/bin/arm-linux-androideabi-ld
configure:6261: checking if the linker (/home/cgouveia/android-ndk-r20//toolchains/llvm/prebuilt/linux-x86_64/bin/arm-linux-androideabi-ld) is GNU ld
configure:6276: result: yes
configure:6288: checking for BSD- or MS-compatible name lister (nm)
configure:6342: result: no
configure:6356: checking for armv7a-linux-androideabi-dumpbin
configure:6386: result: no
configure:6356: checking for armv7a-linux-androideabi-link
configure:6386: result: no
configure:6400: checking for dumpbin
configure:6430: result: no
configure:6400: checking for link
configure:6416: found /usr/bin/link
configure:6427: result: link -dump
configure:6443: WARNING: using cross tools not prefixed with host triplet
configure:6472: checking the name lister (nm) interface
configure:6479: /home/cgouveia/android-ndk-r20//toolchains/llvm/prebuilt/linux-x86_64/bin/armv7a-linux-androideabi16-clang -c -g -O2  conftest.c >&5
configure:6482: nm "conftest.o"
configure:6485: output
00000000 N 
00000108 N 
00000113 N 
0000013c N 
0000014a N 
00000000 B some_variable
configure:6492: result: BSD nm
configure:6496: checking the maximum length of command line arguments
configure:6627: result: 1572864
configure:6675: checking how to convert x86_64-pc-linux-gnu file names to armv7a-unknown-linux-androideabi format
configure:6715: result: func_convert_file_noop
configure:6722: checking how to convert x86_64-pc-linux-gnu file names to toolchain format
configure:6742: result: func_convert_file_noop
configure:6749: checking for /home/cgouveia/android-ndk-r20//toolchains/llvm/prebuilt/linux-x86_64/bin/arm-linux-androideabi-ld option to reload object files
configure:6756: result: -r
configure:6790: checking for armv7a-linux-androideabi-objdump
configure:6817: result: objdump
configure:6886: checking how to recognize dependent libraries
configure:7086: result: pass_all
configure:7131: checking for armv7a-linux-androideabi-dlltool
configure:7158: result: dlltool
configure:7228: checking how to associate runtime and link libraries
configure:7255: result: printf %s\n
configure:7271: checking for armv7a-linux-androideabi-ar
configure:7298: result: /home/cgouveia/android-ndk-r20//toolchains/llvm/prebuilt/linux-x86_64/bin/arm-linux-androideabi-ar
configure:7379: checking for archiver @FILE support
configure:7396: /home/cgouveia/android-ndk-r20//toolchains/llvm/prebuilt/linux-x86_64/bin/armv7a-linux-androideabi16-clang -c -g -O2  conftest.c >&5
configure:7396: $? = 0
configure:7399: /home/cgouveia/android-ndk-r20//toolchains/llvm/prebuilt/linux-x86_64/bin/arm-linux-androideabi-ar cru libconftest.a @conftest.lst >&5
configure:7402: $? = 0
configure:7407: /home/cgouveia/android-ndk-r20//toolchains/llvm/prebuilt/linux-x86_64/bin/arm-linux-androideabi-ar cru libconftest.a @conftest.lst >&5
/home/cgouveia/android-ndk-r20//toolchains/llvm/prebuilt/linux-x86_64/bin/arm-linux-androideabi-ar: conftest.o: No such file or directory
configure:7410: $? = 1
configure:7422: result: @
configure:7440: checking for armv7a-linux-androideabi-strip
configure:7467: result: /home/cgouveia/android-ndk-r20//toolchains/llvm/prebuilt/linux-x86_64/bin/arm-linux-androideabi-strip
configure:7539: checking for armv7a-linux-androideabi-ranlib
configure:7566: result: /home/cgouveia/android-ndk-r20//toolchains/llvm/prebuilt/linux-x86_64/bin/arm-linux-androideabi-ranlib
configure:7708: checking command to parse nm output from /home/cgouveia/android-ndk-r20//toolchains/llvm/prebuilt/linux-x86_64/bin/armv7a-linux-androideabi16-clang object
configure:7861: /home/cgouveia/android-ndk-r20//toolchains/llvm/prebuilt/linux-x86_64/bin/armv7a-linux-androideabi16-clang -c -g -O2  conftest.c >&5
configure:7864: $? = 0
configure:7868: nm conftest.o \| sed -n -e 's/^.*[ ]\([ABCDGIRSTW][ABCDGIRSTW]*\)[ ][ ]*\([_A-Za-z][_A-Za-z0-9]*\)$/\1 \2 \2/p' | sed '/ __gnu_lto/d' \> conftest.nm
configure:7871: $? = 0
configure:7937: /home/cgouveia/android-ndk-r20//toolchains/llvm/prebuilt/linux-x86_64/bin/armv7a-linux-androideabi16-clang -o conftest -g -O2   conftest.c conftstm.o >&5
configure:7940: $? = 0
configure:7978: result: ok
configure:8025: checking for sysroot
configure:8055: result: no
configure:8062: checking for a working dd
configure:8100: result: /bin/dd
configure:8104: checking how to truncate binary pipes
configure:8119: result: /bin/dd bs=4096 count=1
configure:8408: checking for armv7a-linux-androideabi-mt
configure:8438: result: no
configure:8448: checking for mt
configure:8464: found /bin/mt
configure:8475: result: mt
configure:8498: checking if mt is a manifest tool
configure:8504: mt '-?'
configure:8512: result: no
configure:9186: checking for dlfcn.h
configure:9186: /home/cgouveia/android-ndk-r20//toolchains/llvm/prebuilt/linux-x86_64/bin/armv7a-linux-androideabi16-clang -c -g -O2  conftest.c >&5
configure:9186: $? = 0
configure:9186: result: yes
configure:9440: checking for objdir
configure:9455: result: .libs
configure:9715: checking if /home/cgouveia/android-ndk-r20//toolchains/llvm/prebuilt/linux-x86_64/bin/armv7a-linux-androideabi16-clang supports -fno-rtti -fno-exceptions
configure:9733: /home/cgouveia/android-ndk-r20//toolchains/llvm/prebuilt/linux-x86_64/bin/armv7a-linux-androideabi16-clang -c -g -O2  -fno-rtti -fno-exceptions conftest.c >&5
configure:9737: $? = 0
configure:9750: result: yes
configure:10108: checking for /home/cgouveia/android-ndk-r20//toolchains/llvm/prebuilt/linux-x86_64/bin/armv7a-linux-androideabi16-clang option to produce PIC
configure:10115: result: -fPIC -DPIC
configure:10123: checking if /home/cgouveia/android-ndk-r20//toolchains/llvm/prebuilt/linux-x86_64/bin/armv7a-linux-androideabi16-clang PIC flag -fPIC -DPIC works
configure:10141: /home/cgouveia/android-ndk-r20//toolchains/llvm/prebuilt/linux-x86_64/bin/armv7a-linux-androideabi16-clang -c -g -O2  -fPIC -DPIC -DPIC conftest.c >&5
configure:10145: $? = 0
configure:10158: result: yes
configure:10187: checking if /home/cgouveia/android-ndk-r20//toolchains/llvm/prebuilt/linux-x86_64/bin/armv7a-linux-androideabi16-clang static flag -static works
configure:10215: result: yes
configure:10230: checking if /home/cgouveia/android-ndk-r20//toolchains/llvm/prebuilt/linux-x86_64/bin/armv7a-linux-androideabi16-clang supports -c -o file.o
configure:10251: /home/cgouveia/android-ndk-r20//toolchains/llvm/prebuilt/linux-x86_64/bin/armv7a-linux-androideabi16-clang -c -g -O2  -o out/conftest2.o conftest.c >&5
configure:10255: $? = 0
configure:10277: result: yes
configure:10285: checking if /home/cgouveia/android-ndk-r20//toolchains/llvm/prebuilt/linux-x86_64/bin/armv7a-linux-androideabi16-clang supports -c -o file.o
configure:10332: result: yes
configure:10365: checking whether the /home/cgouveia/android-ndk-r20//toolchains/llvm/prebuilt/linux-x86_64/bin/armv7a-linux-androideabi16-clang linker (/home/cgouveia/android-ndk-r20//toolchains/llvm/prebuilt/linux-x86_64/bin/arm-linux-androideabi-ld) supports shared libraries
configure:11624: result: yes
configure:11661: checking whether -lc should be explicitly linked in
configure:11669: /home/cgouveia/android-ndk-r20//toolchains/llvm/prebuilt/linux-x86_64/bin/armv7a-linux-androideabi16-clang -c -g -O2  conftest.c >&5
configure:11672: $? = 0
configure:11687: /home/cgouveia/android-ndk-r20//toolchains/llvm/prebuilt/linux-x86_64/bin/armv7a-linux-androideabi16-clang -shared  -fPIC -DPIC conftest.o  -v -Wl,-soname -Wl,conftest -o conftest 2\>\&1 \| /bin/grep  -lc  \>/dev/null 2\>\&1
configure:11690: $? = 0
configure:11704: result: no
configure:11864: checking dynamic linker characteristics
configure:12682: result: Android linker
configure:12804: checking how to hardcode library paths into programs
configure:12829: result: immediate
configure:13377: checking whether stripping libraries is possible
configure:13382: result: yes
configure:13417: checking if libtool supports shared libraries
configure:13419: result: yes
configure:13422: checking whether to build shared libraries
configure:13447: result: yes
configure:13450: checking whether to build static libraries
configure:13454: result: yes
configure:13573: checking libjpeg version number
configure:13579: result: 12:0:3
configure:13693: checking that generated files are newer than configure
configure:13699: result: done
configure:13730: creating ./config.status

## ---------------------- ##
## Running config.status. ##
## ---------------------- ##

This file was extended by libjpeg config.status 9.3.0, which was
generated by GNU Autoconf 2.69.  Invocation command line was

  CONFIG_FILES    = 
  CONFIG_HEADERS  = 
  CONFIG_LINKS    = 
  CONFIG_COMMANDS = 
  $ ./config.status 

on ORS-PC002

config.status:1104: creating Makefile
config.status:1104: creating libjpeg.pc
config.status:1104: creating jconfig.h
config.status:1318: executing depfiles commands
config.status:1318: executing libtool commands

## ---------------- ##
## Cache variables. ##
## ---------------- ##

ac_cv_build=x86_64-pc-linux-gnu
ac_cv_c_compiler_gnu=yes
ac_cv_c_const=yes
ac_cv_env_CC_set=set
ac_cv_env_CC_value=/home/cgouveia/android-ndk-r20//toolchains/llvm/prebuilt/linux-x86_64/bin/armv7a-linux-androideabi16-clang
ac_cv_env_CFLAGS_set=
ac_cv_env_CFLAGS_value=
ac_cv_env_CPPFLAGS_set=
ac_cv_env_CPPFLAGS_value=
ac_cv_env_CPP_set=
ac_cv_env_CPP_value=
ac_cv_env_LDFLAGS_set=
ac_cv_env_LDFLAGS_value=
ac_cv_env_LIBS_set=
ac_cv_env_LIBS_value=
ac_cv_env_LT_SYS_LIBRARY_PATH_set=
ac_cv_env_LT_SYS_LIBRARY_PATH_value=
ac_cv_env_build_alias_set=
ac_cv_env_build_alias_value=
ac_cv_env_host_alias_set=set
ac_cv_env_host_alias_value=armv7a-linux-androideabi
ac_cv_env_target_alias_set=
ac_cv_env_target_alias_value=
ac_cv_header_dlfcn_h=yes
ac_cv_header_inttypes_h=yes
ac_cv_header_locale_h=yes
ac_cv_header_memory_h=yes
ac_cv_header_stdc=yes
ac_cv_header_stddef_h=yes
ac_cv_header_stdint_h=yes
ac_cv_header_stdlib_h=yes
ac_cv_header_string_h=yes
ac_cv_header_strings_h=yes
ac_cv_header_sys_stat_h=yes
ac_cv_header_sys_types_h=yes
ac_cv_header_unistd_h=yes
ac_cv_host=armv7a-unknown-linux-androideabi
ac_cv_objext=o
ac_cv_path_EGREP='/bin/grep -E'
ac_cv_path_FGREP='/bin/grep -F'
ac_cv_path_GREP=/bin/grep
ac_cv_path_SED=/bin/sed
ac_cv_path_install='/usr/bin/install -c'
ac_cv_path_lt_DD=/bin/dd
ac_cv_path_mkdir=/bin/mkdir
ac_cv_prog_AR=/home/cgouveia/android-ndk-r20//toolchains/llvm/prebuilt/linux-x86_64/bin/arm-linux-androideabi-ar
ac_cv_prog_AWK=gawk
ac_cv_prog_CC=/home/cgouveia/android-ndk-r20//toolchains/llvm/prebuilt/linux-x86_64/bin/armv7a-linux-androideabi16-clang
ac_cv_prog_CPP='/home/cgouveia/android-ndk-r20//toolchains/llvm/prebuilt/linux-x86_64/bin/armv7a-linux-androideabi16-clang -E'
ac_cv_prog_DLLTOOL=dlltool
ac_cv_prog_OBJDUMP=objdump
ac_cv_prog_RANLIB=/home/cgouveia/android-ndk-r20//toolchains/llvm/prebuilt/linux-x86_64/bin/arm-linux-androideabi-ranlib
ac_cv_prog_STRIP=/home/cgouveia/android-ndk-r20//toolchains/llvm/prebuilt/linux-x86_64/bin/arm-linux-androideabi-strip
ac_cv_prog_ac_ct_DUMPBIN='link -dump'
ac_cv_prog_ac_ct_MANIFEST_TOOL=mt
ac_cv_prog_cc_c89=
ac_cv_prog_cc_c99=
ac_cv_prog_cc_g=yes
ac_cv_prog_cc_stdc=
ac_cv_prog_make_make_set=yes
ac_cv_target=armv7a-unknown-linux-androideabi
am_cv_CC_dependencies_compiler_type=gcc3
am_cv_ar_interface=ar
am_cv_make_support_nested_variables=yes
am_cv_prog_cc_c_o=yes
ijg_cv_have_prototypes=yes
ijg_cv_inline=__inline__
lt_cv_ar_at_file=@
lt_cv_archive_cmds_need_lc=no
lt_cv_deplibs_check_method=pass_all
lt_cv_file_magic_cmd='$MAGIC_CMD'
lt_cv_file_magic_test_file=
lt_cv_ld_reload_flag=-r
lt_cv_nm_interface='BSD nm'
lt_cv_objdir=.libs
lt_cv_path_LD=/home/cgouveia/android-ndk-r20//toolchains/llvm/prebuilt/linux-x86_64/bin/arm-linux-androideabi-ld
lt_cv_path_NM=no
lt_cv_path_mainfest_tool=no
lt_cv_prog_compiler_c_o=yes
lt_cv_prog_compiler_pic='-fPIC -DPIC'
lt_cv_prog_compiler_pic_works=yes
lt_cv_prog_compiler_rtti_exceptions=yes
lt_cv_prog_compiler_static_works=yes
lt_cv_prog_gnu_ld=yes
lt_cv_sharedlib_from_linklib_cmd='printf %s\n'
lt_cv_sys_global_symbol_pipe='sed -n -e '\''s/^.*[	 ]\([ABCDGIRSTW][ABCDGIRSTW]*\)[	 ][	 ]*\([_A-Za-z][_A-Za-z0-9]*\)$/\1 \2 \2/p'\'' | sed '\''/ __gnu_lto/d'\'''
lt_cv_sys_global_symbol_to_c_name_address='sed -n -e '\''s/^: \(.*\) .*$/  {"\1", (void *) 0},/p'\'' -e '\''s/^[ABCDGIRSTW][ABCDGIRSTW]* .* \(.*\)$/  {"\1", (void *) \&\1},/p'\'''
lt_cv_sys_global_symbol_to_c_name_address_lib_prefix='sed -n -e '\''s/^: \(.*\) .*$/  {"\1", (void *) 0},/p'\'' -e '\''s/^[ABCDGIRSTW][ABCDGIRSTW]* .* \(lib.*\)$/  {"\1", (void *) \&\1},/p'\'' -e '\''s/^[ABCDGIRSTW][ABCDGIRSTW]* .* \(.*\)$/  {"lib\1", (void *) \&\1},/p'\'''
lt_cv_sys_global_symbol_to_cdecl='sed -n -e '\''s/^T .* \(.*\)$/extern int \1();/p'\'' -e '\''s/^[ABCDGIRSTW][ABCDGIRSTW]* .* \(.*\)$/extern char \1;/p'\'''
lt_cv_sys_global_symbol_to_import=
lt_cv_sys_max_cmd_len=1572864
lt_cv_to_host_file_cmd=func_convert_file_noop
lt_cv_to_tool_file_cmd=func_convert_file_noop
lt_cv_truncate_bin='/bin/dd bs=4096 count=1'

## ----------------- ##
## Output variables. ##
## ----------------- ##

ACLOCAL='${SHELL} /home/cgouveia/jpeg-9c/missing aclocal-1.15'
AMDEPBACKSLASH='\'
AMDEP_FALSE='#'
AMDEP_TRUE=''
AMTAR='$${TAR-tar}'
AM_BACKSLASH='\'
AM_DEFAULT_V='$(AM_DEFAULT_VERBOSITY)'
AM_DEFAULT_VERBOSITY='0'
AM_V='$(V)'
AR='/home/cgouveia/android-ndk-r20//toolchains/llvm/prebuilt/linux-x86_64/bin/arm-linux-androideabi-ar'
AS='/home/cgouveia/android-ndk-r20//toolchains/llvm/prebuilt/linux-x86_64/bin/arm-linux-androideabi-as'
AUTOCONF='${SHELL} /home/cgouveia/jpeg-9c/missing autoconf'
AUTOHEADER='echo autoheader ignored'
AUTOMAKE='${SHELL} /home/cgouveia/jpeg-9c/missing automake-1.15'
AWK='gawk'
CC='/home/cgouveia/android-ndk-r20//toolchains/llvm/prebuilt/linux-x86_64/bin/armv7a-linux-androideabi16-clang'
CCDEPMODE='depmode=gcc3'
CFLAGS='-g -O2'
CPP='/home/cgouveia/android-ndk-r20//toolchains/llvm/prebuilt/linux-x86_64/bin/armv7a-linux-androideabi16-clang -E'
CPPFLAGS=''
CYGPATH_W='echo'
DEFS='-DHAVE_CONFIG_H'
DEPDIR='.deps'
DLLTOOL='dlltool'
DSYMUTIL=''
DUMPBIN=':'
ECHO_C=''
ECHO_N='-n'
ECHO_T=''
EGREP='/bin/grep -E'
EXEEXT=''
FGREP='/bin/grep -F'
GREP='/bin/grep'
HAVE_LD_VERSION_SCRIPT_FALSE='#'
HAVE_LD_VERSION_SCRIPT_TRUE=''
INSTALL_DATA='${INSTALL} -m 644'
INSTALL_PROGRAM='${INSTALL}'
INSTALL_SCRIPT='${INSTALL}'
INSTALL_STRIP_PROGRAM='$(install_sh) -c -s'
JPEG_LIB_VERSION='12:0:3'
LD='/home/cgouveia/android-ndk-r20//toolchains/llvm/prebuilt/linux-x86_64/bin/arm-linux-androideabi-ld'
LDFLAGS=''
LIBOBJS=''
LIBS=''
LIBTOOL='$(SHELL) $(top_builddir)/libtool'
LIPO=''
LN_S='ln -s'
LTLIBOBJS=''
LT_SYS_LIBRARY_PATH=''
MAINT='#'
MAINTAINER_MODE_FALSE=''
MAINTAINER_MODE_TRUE='#'
MAKEINFO='${SHELL} /home/cgouveia/jpeg-9c/missing makeinfo'
MANIFEST_TOOL=':'
MEMORYMGR='jmemnobs'
MKDIR_P='/bin/mkdir -p'
NM='nm'
NMEDIT=''
OBJDUMP='objdump'
OBJEXT='o'
OTOOL64=''
OTOOL=''
PACKAGE='libjpeg'
PACKAGE_BUGREPORT=''
PACKAGE_NAME='libjpeg'
PACKAGE_STRING='libjpeg 9.3.0'
PACKAGE_TARNAME='libjpeg'
PACKAGE_URL=''
PACKAGE_VERSION='9.3.0'
PATH_SEPARATOR=':'
RANLIB='/home/cgouveia/android-ndk-r20//toolchains/llvm/prebuilt/linux-x86_64/bin/arm-linux-androideabi-ranlib'
SED='/bin/sed'
SET_MAKE=''
SHELL='/bin/bash'
STRIP='/home/cgouveia/android-ndk-r20//toolchains/llvm/prebuilt/linux-x86_64/bin/arm-linux-androideabi-strip'
VERSION='9.3.0'
ac_ct_AR=''
ac_ct_CC=''
ac_ct_DUMPBIN='link -dump'
am__EXEEXT_FALSE=''
am__EXEEXT_TRUE='#'
am__fastdepCC_FALSE='#'
am__fastdepCC_TRUE=''
am__include='include'
am__isrc=' -I$(srcdir)'
am__leading_dot='.'
am__nodep='_no'
am__quote=''
am__tar='$${TAR-tar} chof - "$$tardir"'
am__untar='$${TAR-tar} xf -'
bindir='${exec_prefix}/bin'
build='x86_64-pc-linux-gnu'
build_alias=''
build_cpu='x86_64'
build_os='linux-gnu'
build_vendor='pc'
datadir='${datarootdir}'
datarootdir='${prefix}/share'
docdir='${datarootdir}/doc/${PACKAGE_TARNAME}'
dvidir='${docdir}'
exec_prefix='${prefix}'
host='armv7a-unknown-linux-androideabi'
host_alias='armv7a-linux-androideabi'
host_cpu='armv7a'
host_os='linux-androideabi'
host_vendor='unknown'
htmldir='${docdir}'
includedir='${prefix}/include'
infodir='${datarootdir}/info'
install_sh='${SHELL} /home/cgouveia/jpeg-9c/install-sh'
libdir='${exec_prefix}/lib'
libexecdir='${exec_prefix}/libexec'
localedir='${datarootdir}/locale'
localstatedir='${prefix}/var'
mandir='${datarootdir}/man'
mkdir_p='$(MKDIR_P)'
oldincludedir='/usr/include'
pdfdir='${docdir}'
prefix='/home/cgouveia/jpeg-9c/build/armeabi-v7a/install'
program_transform_name='s,x,x,'
psdir='${docdir}'
sbindir='${exec_prefix}/sbin'
sharedstatedir='${prefix}/com'
sysconfdir='${prefix}/etc'
target='armv7a-unknown-linux-androideabi'
target_alias=''
target_cpu='armv7a'
target_os='linux-androideabi'
target_vendor='unknown'

## ----------- ##
## confdefs.h. ##
## ----------- ##

/* confdefs.h */
#define PACKAGE_NAME "libjpeg"
#define PACKAGE_TARNAME "libjpeg"
#define PACKAGE_VERSION "9.3.0"
#define PACKAGE_STRING "libjpeg 9.3.0"
#define PACKAGE_BUGREPORT ""
#define PACKAGE_URL ""
#define PACKAGE "libjpeg"
#define VERSION "9.3.0"
#define HAVE_PROTOTYPES 1
#define STDC_HEADERS 1
#define HAVE_SYS_TYPES_H 1
#define HAVE_SYS_STAT_H 1
#define HAVE_STDLIB_H 1
#define HAVE_STRING_H 1
#define HAVE_MEMORY_H 1
#define HAVE_STRINGS_H 1
#define HAVE_INTTYPES_H 1
#define HAVE_STDINT_H 1
#define HAVE_UNISTD_H 1
#define HAVE_STDDEF_H 1
#define HAVE_STDLIB_H 1
#define HAVE_LOCALE_H 1
#define HAVE_UNSIGNED_CHAR 1
#define HAVE_UNSIGNED_SHORT 1
#define INLINE __inline__
#define HAVE_DLFCN_H 1
#define LT_OBJDIR ".libs/"

configure: exit 0
